<?xml version="1.0" encoding="UTF-8"?>
<!-- Generated by org.testng.reporters.JUnitReportReporter -->
<testsuite hostname="apmosys-To-be-filled-by-O-E-M" name="com.Apmosys.test.Googletest.AppTest" tests="1" failures="0" timestamp="2 Apr 2018 09:35:05 GMT" time="0.001" errors="0">
  <testcase name="testApp" time="0.001" classname="com.Apmosys.test.Googletest.AppTest"/>
</testsuite> <!-- com.Apmosys.test.Googletest.AppTest -->
