<?xml version="1.0" encoding="UTF-8"?>
<!-- Generated by org.testng.reporters.JUnitReportReporter -->
<testsuite hostname="apmosys-To-be-filled-by-O-E-M" name="com.Apmosys.test.Googletest.TestGooglePage" tests="1" failures="0" timestamp="2 Apr 2018 09:38:34 GMT" time="10.353" errors="0">
  <testcase name="openURL" time="10.353" classname="com.Apmosys.test.Googletest.TestGooglePage"/>
</testsuite> <!-- com.Apmosys.test.Googletest.TestGooglePage -->
